<?xml version="1.0" encoding="UTF-8"?>
<!-- Generated by org.testng.reporters.JUnitReportReporter -->
<testsuite skipped="0" hostname="DESKTOP-A3RR3TC" name="testNG.sun" tests="1" failures="0" timestamp="2021-06-28T19:42:07 IST" time="0.000" errors="0">
  <testcase name="a" time="0.000" classname="testNG.sun"/>
  <system-out>
    <![CDATA[sun]]>
  </system-out>
</testsuite> <!-- testNG.sun -->
