<?xml version="1.0" encoding="UTF-8"?>
<!-- Generated by org.testng.reporters.JUnitReportReporter -->
<testsuite skipped="0" hostname="DESKTOP-A3RR3TC" name="AnnotationsInTestNG.NewTest" tests="1" failures="0" timestamp="2021-06-30T08:42:21 IST" time="0.015" errors="0">
  <testcase name="f" time="0.015" classname="AnnotationsInTestNG.NewTest"/>
  <system-out>
    <![CDATA[Test case]]>
  </system-out>
</testsuite> <!-- AnnotationsInTestNG.NewTest -->
