<?xml version="1.0" encoding="UTF-8"?>
<!-- Generated by org.testng.reporters.JUnitReportReporter -->
<testsuite skipped="0" hostname="DESKTOP-A3RR3TC" name="testNG.gun" tests="1" failures="0" timestamp="2021-06-28T19:42:07 IST" time="0.016" errors="0">
  <testcase name="gunn" time="0.016" classname="testNG.gun"/>
  <system-out>
    <![CDATA[from gun]]>
  </system-out>
</testsuite> <!-- testNG.gun -->
