<?xml version="1.0" encoding="UTF-8"?>
<!-- Generated by org.testng.reporters.JUnitReportReporter -->
<testsuite skipped="0" hostname="DESKTOP-A3RR3TC" name="FlagsInTestNG.Flag7" tests="6" failures="0" timestamp="2021-06-25T09:55:17 IST" time="0.016" errors="0">
  <testcase name="it1" time="0.016" classname="FlagsInTestNG.Flag7"/>
  <system-out>
    <![CDATA[IT!]]>
  </system-out>
  <testcase name="it5" time="0.000" classname="FlagsInTestNG.Flag7"/>
  <system-out>
    <![CDATA[iT5]]>
  </system-out>
  <testcase name="it3" time="0.000" classname="FlagsInTestNG.Flag7"/>
  <system-out>
    <![CDATA[IT3]]>
  </system-out>
  <testcase name="it6" time="0.000" classname="FlagsInTestNG.Flag7"/>
  <system-out>
    <![CDATA[IT6]]>
  </system-out>
  <testcase name="it2" time="0.000" classname="FlagsInTestNG.Flag7"/>
  <system-out>
    <![CDATA[IT2]]>
  </system-out>
  <testcase name="it4" time="0.000" classname="FlagsInTestNG.Flag7"/>
  <system-out>
    <![CDATA[it4!]]>
  </system-out>
</testsuite> <!-- FlagsInTestNG.Flag7 -->
