<?xml version="1.0" encoding="UTF-8"?>
<!-- Generated by org.testng.reporters.JUnitReportReporter -->
<testsuite skipped="0" hostname="DESKTOP-A3RR3TC" name="DataProvider.DataDrivenApproach" tests="5" failures="0" timestamp="2021-07-01T08:56:17 IST" time="53.410" errors="0">
  <testcase name="testInvalidActiTime" time="10.620" classname="DataProvider.DataDrivenApproach"/>
  <system-out/>
  <testcase name="testInvalidActiTime" time="11.721" classname="DataProvider.DataDrivenApproach"/>
  <system-out/>
  <testcase name="testInvalidActiTime" time="9.797" classname="DataProvider.DataDrivenApproach"/>
  <system-out/>
  <testcase name="testInvalidActiTime" time="9.889" classname="DataProvider.DataDrivenApproach"/>
  <system-out/>
  <testcase name="testInvalidActiTime" time="11.383" classname="DataProvider.DataDrivenApproach"/>
  <system-out/>
</testsuite> <!-- DataProvider.DataDrivenApproach -->
