<?xml version="1.0" encoding="UTF-8"?>
<!-- Generated by org.testng.reporters.JUnitReportReporter -->
<testsuite skipped="0" hostname="DESKTOP-A3RR3TC" name="testNG.fun" tests="1" failures="0" timestamp="2021-06-28T19:42:07 IST" time="0.000" errors="0">
  <testcase name="b" time="0.000" classname="testNG.fun"/>
  <system-out>
    <![CDATA[from fun]]>
  </system-out>
</testsuite> <!-- testNG.fun -->
