<?xml version="1.0" encoding="UTF-8"?>
<!-- Generated by org.testng.reporters.JUnitReportReporter -->
<testsuite skipped="0" hostname="DESKTOP-A3RR3TC" name="MethodsParallely.Class2" tests="2" failures="0" timestamp="2021-06-28T09:16:32 IST" time="12.607" errors="0">
  <testcase name="tearDown" time="1.801" classname="MethodsParallely.Class2"/>
  <system-out/>
  <testcase name="setUp" time="10.806" classname="MethodsParallely.Class2"/>
  <system-out/>
</testsuite> <!-- MethodsParallely.Class2 -->
