<?xml version="1.0" encoding="UTF-8"?>
<!-- Generated by org.testng.reporters.JUnitReportReporter -->
<testsuite skipped="0" hostname="DESKTOP-A3RR3TC" name="MethodsParallely.MethodsParallelly" tests="2" failures="0" timestamp="2021-06-28T09:00:00 IST" time="9.022" errors="0">
  <testcase name="B" time="4.572" classname="MethodsParallely.MethodsParallelly"/>
  <system-out/>
  <testcase name="A" time="4.450" classname="MethodsParallely.MethodsParallelly"/>
  <system-out/>
</testsuite> <!-- MethodsParallely.MethodsParallelly -->
