<?xml version="1.0" encoding="UTF-8"?>
<!-- Generated by org.testng.reporters.JUnitReportReporter -->
<testsuite skipped="0" hostname="DESKTOP-A3RR3TC" name="testNG.testNGTrial" tests="1" failures="0" timestamp="2021-06-28T19:37:47 IST" time="0.000" errors="0">
  <testcase name="b" time="0.000" classname="testNG.testNGTrial"/>
  <system-out>
    <![CDATA[from a]]>
  </system-out>
</testsuite> <!-- testNG.testNGTrial -->
