<?xml version="1.0" encoding="UTF-8"?>
<!-- Generated by org.testng.reporters.JUnitReportReporter -->
<testsuite skipped="1" hostname="DESKTOP-A3RR3TC" name="FlagsInTestNG.flag5" tests="2" failures="0" timestamp="2021-06-25T08:57:58 IST" time="0.007" errors="0">
  <testcase name="Login" time="0.007" classname="FlagsInTestNG.flag5"/>
  <system-out>
    <![CDATA[Login]]>
  </system-out>
  <testcase name="Logout" classname="FlagsInTestNG.flag5">
    <skipped/>
  </testcase> <!-- Logout -->
  <system-out/>
</testsuite> <!-- FlagsInTestNG.flag5 -->
