<?xml version="1.0" encoding="UTF-8"?>
<!-- Generated by org.testng.reporters.JUnitReportReporter -->
<testsuite skipped="0" hostname="DESKTOP-A3RR3TC" name="MethodsParallely.Class3" tests="2" failures="0" timestamp="2021-06-28T09:16:32 IST" time="12.615" errors="0">
  <testcase name="tearDown" time="1.865" classname="MethodsParallely.Class3"/>
  <system-out/>
  <testcase name="setUp" time="10.750" classname="MethodsParallely.Class3"/>
  <system-out/>
</testsuite> <!-- MethodsParallely.Class3 -->
