<?xml version="1.0" encoding="UTF-8"?>
<!-- Generated by org.testng.reporters.JUnitReportReporter -->
<testsuite skipped="0" hostname="DESKTOP-A3RR3TC" name="FlagsInTestNG.priority" tests="5" failures="0" timestamp="2021-06-27T18:51:29 IST" time="0.015" errors="0">
  <testcase name="A" time="0.015" classname="FlagsInTestNG.priority"/>
  <system-out>
    <![CDATA[method A]]>
  </system-out>
  <testcase name="E" time="0.000" classname="FlagsInTestNG.priority"/>
  <system-out>
    <![CDATA[method E]]>
  </system-out>
  <testcase name="B" time="0.000" classname="FlagsInTestNG.priority"/>
  <system-out>
    <![CDATA[method B]]>
  </system-out>
  <testcase name="D" time="0.000" classname="FlagsInTestNG.priority"/>
  <system-out>
    <![CDATA[method D]]>
  </system-out>
  <testcase name="C" time="0.000" classname="FlagsInTestNG.priority"/>
  <system-out>
    <![CDATA[method C]]>
  </system-out>
</testsuite> <!-- FlagsInTestNG.priority -->
