<?xml version="1.0" encoding="UTF-8"?>
<!-- Generated by org.testng.reporters.JUnitReportReporter -->
<testsuite skipped="0" hostname="DESKTOP-A3RR3TC" name="FlagsInTestNG.invocationCount" tests="10" failures="0" timestamp="2021-06-25T09:10:17 IST" time="0.015" errors="0">
  <testcase name="login" time="0.000" classname="FlagsInTestNG.invocationCount"/>
  <system-out>
    <![CDATA[login]]>
  </system-out>
  <testcase name="login" time="0.001" classname="FlagsInTestNG.invocationCount"/>
  <system-out>
    <![CDATA[login]]>
  </system-out>
  <testcase name="login" time="0.000" classname="FlagsInTestNG.invocationCount"/>
  <system-out>
    <![CDATA[login]]>
  </system-out>
  <testcase name="login" time="0.009" classname="FlagsInTestNG.invocationCount"/>
  <system-out>
    <![CDATA[login]]>
  </system-out>
  <testcase name="login" time="0.000" classname="FlagsInTestNG.invocationCount"/>
  <system-out>
    <![CDATA[login]]>
  </system-out>
  <testcase name="login" time="0.001" classname="FlagsInTestNG.invocationCount"/>
  <system-out>
    <![CDATA[login]]>
  </system-out>
  <testcase name="login" time="0.001" classname="FlagsInTestNG.invocationCount"/>
  <system-out>
    <![CDATA[login]]>
  </system-out>
  <testcase name="login" time="0.001" classname="FlagsInTestNG.invocationCount"/>
  <system-out>
    <![CDATA[login]]>
  </system-out>
  <testcase name="login" time="0.001" classname="FlagsInTestNG.invocationCount"/>
  <system-out>
    <![CDATA[login]]>
  </system-out>
  <testcase name="login" time="0.001" classname="FlagsInTestNG.invocationCount"/>
  <system-out>
    <![CDATA[login]]>
  </system-out>
</testsuite> <!-- FlagsInTestNG.invocationCount -->
