<?xml version="1.0" encoding="UTF-8"?>
<!-- Generated by org.testng.reporters.JUnitReportReporter -->
<testsuite skipped="0" hostname="DESKTOP-A3RR3TC" name="FlagsInTestNG.Description" tests="1" failures="0" timestamp="2021-06-25T08:49:24 IST" time="0.007" errors="0">
  <testcase name="login" time="0.007" classname="FlagsInTestNG.Description"/>
  <system-out>
    <![CDATA[login to the application]]>
  </system-out>
</testsuite> <!-- FlagsInTestNG.Description -->
