<?xml version="1.0" encoding="UTF-8"?>
<!-- Generated by org.testng.reporters.JUnitReportReporter -->
<testsuite skipped="0" hostname="DESKTOP-A3RR3TC" name="AnnotationsInTestNG.TestNGrealtime" tests="2" failures="0" timestamp="2021-06-30T09:09:16 IST" time="0.004" errors="0">
  <testcase name="addUser" time="0.000" classname="AnnotationsInTestNG.TestNGrealtime"/>
  <system-out>
    <![CDATA[Add the user]]>
  </system-out>
  <testcase name="createUser" time="0.004" classname="AnnotationsInTestNG.TestNGrealtime"/>
  <system-out>
    <![CDATA[Create the user]]>
  </system-out>
</testsuite> <!-- AnnotationsInTestNG.TestNGrealtime -->
