<?xml version="1.0" encoding="UTF-8"?>
<!-- Generated by org.testng.reporters.JUnitReportReporter -->
<testsuite skipped="0" hostname="DESKTOP-A3RR3TC" name="AnnotationsInTestNG.TestAnnotation2" tests="1" failures="0" timestamp="2021-06-30T09:04:40 IST" time="0.000" errors="0">
  <testcase name="f" time="0.000" classname="AnnotationsInTestNG.TestAnnotation2"/>
  <system-out>
    <![CDATA[Test case]]>
  </system-out>
</testsuite> <!-- AnnotationsInTestNG.TestAnnotation2 -->
