<?xml version="1.0" encoding="UTF-8"?>
<!-- Generated by org.testng.reporters.JUnitReportReporter -->
<testsuite skipped="0" hostname="DESKTOP-A3RR3TC" name="FlagsInTestNG.Flag1" tests="5" failures="0" timestamp="2021-06-24T09:05:16 IST" time="0.000" errors="0">
  <testcase name="A" time="0.000" classname="FlagsInTestNG.Flag1"/>
  <system-out>
    <![CDATA[method 1]]>
  </system-out>
  <testcase name="B" time="0.000" classname="FlagsInTestNG.Flag1"/>
  <system-out>
    <![CDATA[method 3]]>
  </system-out>
  <testcase name="C" time="0.000" classname="FlagsInTestNG.Flag1"/>
  <system-out>
    <![CDATA[method 2]]>
  </system-out>
  <testcase name="E" time="0.000" classname="FlagsInTestNG.Flag1"/>
  <system-out>
    <![CDATA[method 5]]>
  </system-out>
  <testcase name="D" time="0.000" classname="FlagsInTestNG.Flag1"/>
  <system-out>
    <![CDATA[method 4]]>
  </system-out>
</testsuite> <!-- FlagsInTestNG.Flag1 -->
