<?xml version="1.0" encoding="UTF-8"?>
<!-- Generated by org.testng.reporters.JUnitReportReporter -->
<testsuite skipped="0" hostname="DESKTOP-A3RR3TC" name="MethodsParallely.Class1" tests="2" failures="0" timestamp="2021-06-28T09:16:32 IST" time="12.731" errors="0">
  <testcase name="setUp" time="12.277" classname="MethodsParallely.Class1"/>
  <system-out/>
  <testcase name="tearDown" time="0.454" classname="MethodsParallely.Class1"/>
  <system-out/>
</testsuite> <!-- MethodsParallely.Class1 -->
