<?xml version="1.0" encoding="UTF-8"?>
<!-- Generated by org.testng.reporters.JUnitReportReporter -->
<testsuite skipped="0" hostname="DESKTOP-A3RR3TC" name="DataParameterization.DataParameter" tests="2" failures="0" timestamp="2021-06-28T08:18:21 IST" time="34.859" errors="0">
  <testcase name="launchActiTime" time="4.745" classname="DataParameterization.DataParameter"/>
  <system-out/>
  <testcase name="launchActiTime" time="30.114" classname="DataParameterization.DataParameter"/>
  <system-out/>
</testsuite> <!-- DataParameterization.DataParameter -->
