<?xml version="1.0" encoding="UTF-8"?>
<!-- Generated by org.testng.reporters.JUnitReportReporter -->
<testsuite skipped="0" hostname="DESKTOP-A3RR3TC" name="assertionInTestng.OrangeHrm" tests="1" failures="0" timestamp="2021-06-29T20:08:21 IST" time="18.337" errors="0">
  <testcase name="testOrangeHrm" time="18.337" classname="assertionInTestng.OrangeHrm"/>
  <system-out>
    <![CDATA[create user
do setting]]>
  </system-out>
</testsuite> <!-- assertionInTestng.OrangeHrm -->
