<?xml version="1.0" encoding="UTF-8"?>
<!-- Generated by org.testng.reporters.JUnitReportReporter -->
<testsuite skipped="0" hostname="DESKTOP-A3RR3TC" name="AnnotationsInTestNG.ActiLogin" tests="2" failures="0" timestamp="2021-06-30T20:25:48 IST" time="12.689" errors="0">
  <testcase name="login" time="5.827" classname="AnnotationsInTestNG.ActiLogin"/>
  <system-out/>
  <testcase name="loginInvalid" time="6.862" classname="AnnotationsInTestNG.ActiLogin"/>
  <system-out/>
</testsuite> <!-- AnnotationsInTestNG.ActiLogin -->
