<?xml version="1.0" encoding="UTF-8"?>
<!-- Generated by org.testng.reporters.JUnitReportReporter -->
<testsuite skipped="0" hostname="DESKTOP-A3RR3TC" name="FlagsInTestNG.GroupsDemo" tests="12" failures="0" timestamp="2021-06-25T19:59:27 IST" time="0.014" errors="0">
  <testcase name="FT1" time="0.007" classname="FlagsInTestNG.GroupsDemo"/>
  <system-out>
    <![CDATA[FT1]]>
  </system-out>
  <testcase name="ST1" time="0.001" classname="FlagsInTestNG.GroupsDemo"/>
  <system-out>
    <![CDATA[ST1]]>
  </system-out>
  <testcase name="SAT3" time="0.000" classname="FlagsInTestNG.GroupsDemo"/>
  <system-out>
    <![CDATA[SAT3]]>
  </system-out>
  <testcase name="SAT2" time="0.001" classname="FlagsInTestNG.GroupsDemo"/>
  <system-out>
    <![CDATA[SAT2]]>
  </system-out>
  <testcase name="IT3" time="0.000" classname="FlagsInTestNG.GroupsDemo"/>
  <system-out>
    <![CDATA[IT3]]>
  </system-out>
  <testcase name="ST2" time="0.001" classname="FlagsInTestNG.GroupsDemo"/>
  <system-out>
    <![CDATA[ST2]]>
  </system-out>
  <testcase name="ST3" time="0.000" classname="FlagsInTestNG.GroupsDemo"/>
  <system-out>
    <![CDATA[ST3]]>
  </system-out>
  <testcase name="IT2" time="0.001" classname="FlagsInTestNG.GroupsDemo"/>
  <system-out>
    <![CDATA[IT2]]>
  </system-out>
  <testcase name="SAT1" time="0.001" classname="FlagsInTestNG.GroupsDemo"/>
  <system-out>
    <![CDATA[SAT1]]>
  </system-out>
  <testcase name="FT3" time="0.001" classname="FlagsInTestNG.GroupsDemo"/>
  <system-out>
    <![CDATA[FT3]]>
  </system-out>
  <testcase name="IT1" time="0.001" classname="FlagsInTestNG.GroupsDemo"/>
  <system-out>
    <![CDATA[IT1]]>
  </system-out>
  <testcase name="FT2" time="0.000" classname="FlagsInTestNG.GroupsDemo"/>
  <system-out>
    <![CDATA[FT2]]>
  </system-out>
</testsuite> <!-- FlagsInTestNG.GroupsDemo -->
